               Version V-2023.12-SP2-3 for linux64 - Oct 12, 2024
    updates, detecting software piracy and verifying that customers are using
# Gate Counts 
----- assertion status -----
[Info] PROP_I_RESULT: mul_lane_bf16.fe_a.u_sva.a_decode_preserves_sign  proven    00:00:01
[Info] PROP_I_RESULT: mul_lane_bf16.fe_b.u_sva.a_decode_preserves_sign  proven    00:00:01
[Info] PROP_I_RESULT: mul_lane_bf16.u_sva.a_invalid_only_on_nan_product  proven    00:00:01
[Info] PROP_I_RESULT: mul_lane_bf16.fe_a.u_sva.c_oor_high  covered    00:00:01
[Info] PROP_I_RESULT: mul_lane_bf16.fe_b.u_sva.c_oor_low  covered    00:00:01
[Info] PROP_I_RESULT: mul_lane_bf16.u_sva.c_invalid  covered    00:00:01
[Info] PROP_I_RESULT: mul_lane_bf16.u_sva.c_nan  covered    00:00:01
[Info] PROP_I_RESULT: mul_lane_bf16.u_sva.c_oor  covered    00:00:01
[Info] PROP_I_RESULT: mul_lane_bf16.fe_b.u_sva.c_oor_high  covered    00:00:01
[Info] PROP_I_RESULT: mul_lane_bf16.fe_a.u_sva.c_inwindow  covered    00:00:01
[Info] PROP_I_RESULT: mul_lane_bf16.fe_a.u_sva.c_oor_low  covered    00:00:01
[Info] PROP_I_RESULT: mul_lane_bf16.fe_b.u_sva.c_inwindow  covered    00:00:01
[Info] PROP_I_RESULT: mul_lane_bf16.u_sva.c_numeric  covered    00:00:01
[Info] PROP_I_RESULT: mul_lane_bf16.fe_b.u_sva.a_decode_zero_ftz  falsified    00:00:01
[Info] PROP_I_RESULT: mul_lane_bf16.fe_a.u_sva.a_decode_zero_ftz  falsified    00:00:01
[Info] PROP_I_RESULT: mul_lane_bf16.u_sva.a_product_matches_ref  falsified    00:00:01
[Info] PROP_I_RESULT: mul_lane_bf16.u_sva.a_zero_product_rule  falsified    00:00:01
[Info] PROP_I_RESULT: mul_lane_bf16.u_sva.c_pos_inf  covered:36    00:00:01
[Info] PROP_I_RESULT: mul_lane_bf16.fe_a.u_sva.a_decode_oor  proven    00:00:01
[Info] PROP_I_RESULT: mul_lane_bf16.fe_b.u_sva.a_decode_oor  proven    00:00:01
[Info] PROP_I_RESULT: mul_lane_bf16.u_sva.c_neg_inf  covered:20    00:00:01
[Info] PROP_I_RESULT: mul_lane_bf16.u_sva.a_zero_times_inf_is_invalid_nan  falsified    00:00:06
[Info] PROP_I_RESULT: mul_lane_bf16.u_sva.c_ftz_zero  covered    00:00:06
[Info] PROP_I_RESULT: mul_lane_bf16.fe_a.u_sva.a_decode_flags_exclusive  proven    00:00:12
[Info] PROP_I_RESULT: mul_lane_bf16.fe_a.u_sva.a_decode_inf  proven    00:00:12
[Info] PROP_I_RESULT: mul_lane_bf16.fe_a.u_sva.a_decode_nan  proven    00:00:12
[Info] PROP_I_RESULT: mul_lane_bf16.fe_a.u_sva.a_decode_normal  proven    00:00:12
[Info] PROP_I_RESULT: mul_lane_bf16.fe_b.u_sva.a_decode_flags_exclusive  proven    00:00:12
[Info] PROP_I_RESULT: mul_lane_bf16.fe_b.u_sva.a_decode_inf  proven    00:00:12
[Info] PROP_I_RESULT: mul_lane_bf16.fe_b.u_sva.a_decode_nan  proven    00:00:12
[Info] PROP_I_RESULT: mul_lane_bf16.fe_b.u_sva.a_decode_normal  proven    00:00:12
[Info] PROP_I_RESULT: mul_lane_bf16.u_sva.a_finite_product_fields  proven    00:00:13
[Info] PROP_I_RESULT: mul_lane_bf16.u_sva.a_inf_product_rule  proven    00:00:13
[Info] PROP_I_RESULT: mul_lane_bf16.u_sva.a_nan_operand_forces_invalid_nan  proven    00:00:13
[Info] PROP_I_RESULT: mul_lane_bf16.u_sva.a_oor_forces_invalid_nan  proven    00:00:13
[Info] PROP_I_RESULT: mul_lane_bf16.u_sva.a_product_flags_exclusive  proven    00:00:13
[Info] PROP_I_RESULT: mul_lane_bf16.u_sva.a_special_products_have_zero_numeric_payload  proven    00:00:13
     - # proven       : 19
     - # falsified    : 5
     - # covered      : 13
     [   0] proven                                  -  mul_lane_bf16.fe_a.u_sva.a_decode_flags_exclusive
     [   1] proven                                  -  mul_lane_bf16.fe_a.u_sva.a_decode_inf
     [   2] proven                                  -  mul_lane_bf16.fe_a.u_sva.a_decode_nan
     [   3] proven                                  -  mul_lane_bf16.fe_a.u_sva.a_decode_normal
     [   4] proven                                  -  mul_lane_bf16.fe_a.u_sva.a_decode_oor
     [   5] proven                                  -  mul_lane_bf16.fe_a.u_sva.a_decode_preserves_sign
     [   6] falsified   (depth=0)                   -  mul_lane_bf16.fe_a.u_sva.a_decode_zero_ftz
     [  10] proven                                  -  mul_lane_bf16.fe_b.u_sva.a_decode_flags_exclusive
     [  11] proven                                  -  mul_lane_bf16.fe_b.u_sva.a_decode_inf
     [  12] proven                                  -  mul_lane_bf16.fe_b.u_sva.a_decode_nan
     [  13] proven                                  -  mul_lane_bf16.fe_b.u_sva.a_decode_normal
     [  14] proven                                  -  mul_lane_bf16.fe_b.u_sva.a_decode_oor
     [  15] proven                                  -  mul_lane_bf16.fe_b.u_sva.a_decode_preserves_sign
     [  16] falsified   (depth=0)                   -  mul_lane_bf16.fe_b.u_sva.a_decode_zero_ftz
     [  20] proven                                  -  mul_lane_bf16.u_sva.a_finite_product_fields
     [  21] proven                                  -  mul_lane_bf16.u_sva.a_inf_product_rule
     [  22] proven                                  -  mul_lane_bf16.u_sva.a_invalid_only_on_nan_product
     [  23] proven                                  -  mul_lane_bf16.u_sva.a_nan_operand_forces_invalid_nan
     [  24] proven                                  -  mul_lane_bf16.u_sva.a_oor_forces_invalid_nan
     [  25] proven                                  -  mul_lane_bf16.u_sva.a_product_flags_exclusive
     [  26] falsified   (depth=0)                   -  mul_lane_bf16.u_sva.a_product_matches_ref
     [  27] proven                                  -  mul_lane_bf16.u_sva.a_special_products_have_zero_numeric_payload
     [  28] falsified   (depth=0)                   -  mul_lane_bf16.u_sva.a_zero_product_rule
     [  29] falsified   (depth=0)                   -  mul_lane_bf16.u_sva.a_zero_times_inf_is_invalid_nan
     [   7] covered     (depth=0)                   -  mul_lane_bf16.fe_a.u_sva.c_inwindow
     [   8] covered     (depth=0)                   -  mul_lane_bf16.fe_a.u_sva.c_oor_high
     [   9] covered     (depth=0)                   -  mul_lane_bf16.fe_a.u_sva.c_oor_low
     [  17] covered     (depth=0)                   -  mul_lane_bf16.fe_b.u_sva.c_inwindow
     [  18] covered     (depth=0)                   -  mul_lane_bf16.fe_b.u_sva.c_oor_high
     [  19] covered     (depth=0)                   -  mul_lane_bf16.fe_b.u_sva.c_oor_low
     [  30] covered     (depth=0)                   -  mul_lane_bf16.u_sva.c_ftz_zero
     [  31] covered     (depth=0)                   -  mul_lane_bf16.u_sva.c_invalid
     [  32] covered     (depth=0)                   -  mul_lane_bf16.u_sva.c_nan
     [  33] covered     (depth=20)                  -  mul_lane_bf16.u_sva.c_neg_inf
     [  34] covered     (depth=0)                   -  mul_lane_bf16.u_sva.c_numeric
     [  35] covered     (depth=0)                   -  mul_lane_bf16.u_sva.c_oor
     [  36] covered     (depth=36)                  -  mul_lane_bf16.u_sva.c_pos_inf
EVIDENCE_VERDICT: job=fpv_run_lane_bf16_buginjected kind=bug proven=19 falsified=5 covered=13
