               Version V-2023.12-SP2-3 for linux64 - Oct 12, 2024
    updates, detecting software piracy and verifying that customers are using
# Gate Counts 
----- assertion status -----
[Info] PROP_I_RESULT: mul_lane_bf16.fe_a.u_sva.a_decode_preserves_sign  proven    00:00:01
[Info] PROP_I_RESULT: mul_lane_bf16.fe_b.u_sva.a_decode_preserves_sign  proven    00:00:01
[Info] PROP_I_RESULT: mul_lane_bf16.u_sva.a_invalid_only_on_nan_product  proven    00:00:01
[Info] PROP_I_RESULT: mul_lane_bf16.fe_a.u_sva.a_decode_oor  falsified    00:00:01
[Info] PROP_I_RESULT: mul_lane_bf16.fe_a.u_sva.c_inwindow  covered    00:00:01
[Info] PROP_I_RESULT: mul_lane_bf16.fe_b.u_sva.a_decode_oor  falsified    00:00:01
[Info] PROP_I_RESULT: mul_lane_bf16.fe_b.u_sva.c_inwindow  covered    00:00:01
[Info] PROP_I_RESULT: mul_lane_bf16.u_sva.a_oor_forces_invalid_nan  falsified    00:00:01
[Info] PROP_I_RESULT: mul_lane_bf16.u_sva.a_product_matches_ref  falsified    00:00:01
[Info] PROP_I_RESULT: mul_lane_bf16.u_sva.c_numeric  covered    00:00:01
[Info] PROP_I_RESULT: mul_lane_bf16.u_sva.c_invalid  covered    00:00:01
[Info] PROP_I_RESULT: mul_lane_bf16.u_sva.c_nan  covered    00:00:01
[Info] PROP_I_RESULT: mul_lane_bf16.u_sva.c_ftz_zero  covered    00:00:01
[Info] PROP_I_RESULT: mul_lane_bf16.u_sva.c_oor  covered    00:00:01
[Info] PROP_I_RESULT: mul_lane_bf16.u_sva.c_neg_inf  covered:3    00:00:01
[Info] PROP_I_RESULT: mul_lane_bf16.u_sva.c_pos_inf  covered:32    00:00:01
[Info] PROP_I_RESULT: mul_lane_bf16.fe_a.u_sva.a_decode_flags_exclusive  proven    00:00:05
[Info] PROP_I_RESULT: mul_lane_bf16.fe_a.u_sva.a_decode_inf  proven    00:00:05
[Info] PROP_I_RESULT: mul_lane_bf16.fe_a.u_sva.a_decode_nan  proven    00:00:05
[Info] PROP_I_RESULT: mul_lane_bf16.fe_a.u_sva.a_decode_normal  proven    00:00:05
[Info] PROP_I_RESULT: mul_lane_bf16.fe_b.u_sva.a_decode_flags_exclusive  proven    00:00:05
[Info] PROP_I_RESULT: mul_lane_bf16.fe_b.u_sva.a_decode_inf  proven    00:00:05
[Info] PROP_I_RESULT: mul_lane_bf16.fe_b.u_sva.a_decode_nan  proven    00:00:05
[Info] PROP_I_RESULT: mul_lane_bf16.fe_b.u_sva.a_decode_normal  proven    00:00:05
[Info] PROP_I_RESULT: mul_lane_bf16.u_sva.a_finite_product_fields  proven    00:00:07
[Info] PROP_I_RESULT: mul_lane_bf16.u_sva.a_inf_product_rule  proven    00:00:07
[Info] PROP_I_RESULT: mul_lane_bf16.u_sva.a_nan_operand_forces_invalid_nan  proven    00:00:07
[Info] PROP_I_RESULT: mul_lane_bf16.u_sva.a_product_flags_exclusive  proven    00:00:07
[Info] PROP_I_RESULT: mul_lane_bf16.u_sva.a_special_products_have_zero_numeric_payload  proven    00:00:07
[Info] PROP_I_RESULT: mul_lane_bf16.fe_a.u_sva.a_decode_zero_ftz  proven    00:00:09
[Info] PROP_I_RESULT: mul_lane_bf16.fe_b.u_sva.a_decode_zero_ftz  proven    00:00:11
[Info] PROP_I_RESULT: mul_lane_bf16.u_sva.a_zero_product_rule  proven    00:00:11
[Info] PROP_I_RESULT: mul_lane_bf16.u_sva.a_zero_times_inf_is_invalid_nan  proven    00:00:11
     - # proven       : 20
     - # falsified    : 4
     - # covered      : 9
     [   0] proven                                  -  mul_lane_bf16.fe_a.u_sva.a_decode_flags_exclusive
     [   1] proven                                  -  mul_lane_bf16.fe_a.u_sva.a_decode_inf
     [   2] proven                                  -  mul_lane_bf16.fe_a.u_sva.a_decode_nan
     [   3] proven                                  -  mul_lane_bf16.fe_a.u_sva.a_decode_normal
     [   4] falsified   (depth=0)                   -  mul_lane_bf16.fe_a.u_sva.a_decode_oor
     [   5] proven                                  -  mul_lane_bf16.fe_a.u_sva.a_decode_preserves_sign
     [   6] proven                                  -  mul_lane_bf16.fe_a.u_sva.a_decode_zero_ftz
     [  10] proven                                  -  mul_lane_bf16.fe_b.u_sva.a_decode_flags_exclusive
     [  11] proven                                  -  mul_lane_bf16.fe_b.u_sva.a_decode_inf
     [  12] proven                                  -  mul_lane_bf16.fe_b.u_sva.a_decode_nan
     [  13] proven                                  -  mul_lane_bf16.fe_b.u_sva.a_decode_normal
     [  14] falsified   (depth=0)                   -  mul_lane_bf16.fe_b.u_sva.a_decode_oor
     [  15] proven                                  -  mul_lane_bf16.fe_b.u_sva.a_decode_preserves_sign
     [  16] proven                                  -  mul_lane_bf16.fe_b.u_sva.a_decode_zero_ftz
     [  20] proven                                  -  mul_lane_bf16.u_sva.a_finite_product_fields
     [  21] proven                                  -  mul_lane_bf16.u_sva.a_inf_product_rule
     [  22] proven                                  -  mul_lane_bf16.u_sva.a_invalid_only_on_nan_product
     [  23] proven                                  -  mul_lane_bf16.u_sva.a_nan_operand_forces_invalid_nan
     [  24] falsified   (depth=0)                   -  mul_lane_bf16.u_sva.a_oor_forces_invalid_nan
     [  25] proven                                  -  mul_lane_bf16.u_sva.a_product_flags_exclusive
     [  26] falsified   (depth=0)                   -  mul_lane_bf16.u_sva.a_product_matches_ref
     [  27] proven                                  -  mul_lane_bf16.u_sva.a_special_products_have_zero_numeric_payload
     [  28] proven                                  -  mul_lane_bf16.u_sva.a_zero_product_rule
     [  29] proven                                  -  mul_lane_bf16.u_sva.a_zero_times_inf_is_invalid_nan
     [   7] covered     (depth=0)                   -  mul_lane_bf16.fe_a.u_sva.c_inwindow
     [  17] covered     (depth=0)                   -  mul_lane_bf16.fe_b.u_sva.c_inwindow
     [  30] covered     (depth=0)                   -  mul_lane_bf16.u_sva.c_ftz_zero
     [  31] covered     (depth=0)                   -  mul_lane_bf16.u_sva.c_invalid
     [  32] covered     (depth=0)                   -  mul_lane_bf16.u_sva.c_nan
     [  33] covered     (depth=3)                   -  mul_lane_bf16.u_sva.c_neg_inf
     [  34] covered     (depth=0)                   -  mul_lane_bf16.u_sva.c_numeric
     [  35] covered     (depth=0)                   -  mul_lane_bf16.u_sva.c_oor
     [  36] covered     (depth=32)                  -  mul_lane_bf16.u_sva.c_pos_inf
EVIDENCE_VERDICT: job=fpv_run_lane_bf16_oor_buginjected kind=bug proven=20 falsified=4 covered=9
